<?xml version="1.0" encoding="UTF-8"?>
<testsuites>
  <testsuite name="Chuck Norris Testsuite" tests="2" assertions="2" errors="0" failures="0" skipped="0" time="0.008381">
    <testsuite name="KofiCypher\ChuckNorrisJokes\Tests\JokeFactoryTest" file="C:\xampp\htdocs\chuck-norris-jokes\tests\JokeFactoryTest.php" tests="2" assertions="2" errors="0" failures="0" skipped="0" time="0.008381">
      <testcase name="test_it_returns_a_random_joke" class="KofiCypher\ChuckNorrisJokes\Tests\JokeFactoryTest" classname="KofiCypher.ChuckNorrisJokes.Tests.JokeFactoryTest" file="C:\xampp\htdocs\chuck-norris-jokes\tests\JokeFactoryTest.php" line="11" assertions="1" time="0.007713"/>
      <testcase name="test_it_returns_a_predefined_joke" class="KofiCypher\ChuckNorrisJokes\Tests\JokeFactoryTest" classname="KofiCypher.ChuckNorrisJokes.Tests.JokeFactoryTest" file="C:\xampp\htdocs\chuck-norris-jokes\tests\JokeFactoryTest.php" line="23" assertions="1" time="0.000668"/>
    </testsuite>
  </testsuite>
</testsuites>
